[35m[Appium][39m Welcome to Appium v1.22.0
[35m[Appium][39m Non-default server args:
[35m[Appium][39m   port: 56070
[35m[Appium][39m   loglevel: info
[35m[Appium][39m   tmpDir: C:\Users\DELL\AppData\Local\Temp\\Katalon\Appium\Temp1754563160250
[35m[Appium][39m Appium REST http interface listener started on 0.0.0.0:56070
[35m[HTTP][39m [37m-->[39m [37mGET[39m [37m/wd/hub/status[39m
[35m[HTTP][39m [90m{}[39m
[35m[HTTP][39m [37m<-- GET /wd/hub/status [39m[32m200[39m [90m6 ms - 68[39m
[35m[HTTP][39m [90m[39m
[35m[HTTP][39m [37m-->[39m [37mGET[39m [37m/wd/hub/status[39m
[35m[HTTP][39m [90m{}[39m
[35m[HTTP][39m [37m<-- GET /wd/hub/status [39m[32m200[39m [90m1 ms - 68[39m
[35m[HTTP][39m [90m[39m
[35m[HTTP][39m [37m-->[39m [37mPOST[39m [37m/wd/hub/session[39m
[35m[HTTP][39m [90m{"capabilities":{"firstMatch":[{"appium:appActivity":".Settings","appium:appPackage":"com.android.settings","appium:autoGrantPermissions":true,"appium:automationName":"uiautomator2","appium:deviceName":"vivo vivo 1904 (Android 11)","appium:newCommandTimeout":1800,"appium:platformVersion":"11","appium:systemPort":8287,"appium:udid":"TKX44XS8DAVWNRMZ","platformName":"ANDROID"}]},"desiredCapabilities":{"appActivity":".Settings","appPackage":"com.android.settings","autoGrantPermissions":true,"automationName":"uiautomator2","deviceId":"","deviceName":"vivo vivo 1904 (Android 11)","newCommandTimeout":1800,"platformName":"ANDROID","platformVersion":"11","systemPort":8287,"udid":"TKX44XS8DAVWNRMZ"}}[39m
[35m[Appium][39m The following capabilities were provided in the JSONWP desired capabilities that are missing in W3C capabilities: ["deviceId"]
[35m[Appium][39m Trying to fix W3C capabilities by merging them with JSONWP caps
[35m[BaseDriver][39m The following capabilities are not standard capabilities and should have an extension prefix:
[35m[BaseDriver][39m   deviceId
[35m[BaseDriver][39m   appActivity
[35m[BaseDriver][39m   appPackage
[35m[BaseDriver][39m   autoGrantPermissions
[35m[BaseDriver][39m   automationName
[35m[BaseDriver][39m   deviceName
[35m[BaseDriver][39m   newCommandTimeout
[35m[BaseDriver][39m   platformVersion
[35m[BaseDriver][39m   systemPort
[35m[BaseDriver][39m   udid
[35m[Appium][39m Appium v1.22.0 creating new AndroidUiautomator2Driver (v1.69.0) session
[35m[BaseDriver][39m The following capabilities were provided, but are not recognized by Appium:
[35m[BaseDriver][39m   deviceId
[35m[BaseDriver][39m Session created with session id: 1a97a4a3-f7f7-44b4-89eb-589eee886d54
[35m[UiAutomator2][39m Starting 'com.android.settings' directly on the device
[35m[ADB][39m Found 2 'build-tools' folders under 'C:\Users\DELL\AppData\Local\Android\Sdk' (newest first):
[35m[ADB][39m     C:/Users/DELL/AppData/Local/Android/Sdk/build-tools/34.0.0
[35m[ADB][39m     C:/Users/DELL/AppData/Local/Android/Sdk/build-tools/30.0.3
[35m[ADB][39m Using 'adb.exe' from 'C:\Users\DELL\AppData\Local\Android\Sdk\platform-tools\adb.exe'
[35m[AndroidDriver][39m Retrieving device list
[35m[AndroidDriver][39m Using device: TKX44XS8DAVWNRMZ
[35m[ADB][39m Using 'adb.exe' from 'C:\Users\DELL\AppData\Local\Android\Sdk\platform-tools\adb.exe'
[35m[ADB][39m Getting device platform version
[35m[UiAutomator2][39m Relaxing hidden api policy
[35m[AndroidDriver][39m No app sent in, not parsing package/activity
[35m[ADB][39m Using 'apksigner.jar' from 'C:\Users\DELL\AppData\Local\Android\Sdk\build-tools\34.0.0\lib\apksigner.jar'
[35m[ADB][39m 'C:\Users\DELL\AppData\Roaming\npm\node_modules\appium\node_modules\appium-uiautomator2-server\apks\appium-uiautomator2-server-v4.24.0.apk' is signed with the default certificate
[35m[ADB][39m 'C:\Users\DELL\AppData\Roaming\npm\node_modules\appium\node_modules\appium-uiautomator2-server\apks\appium-uiautomator2-server-debug-androidTest.apk' is signed with the default certificate
[35m[UiAutomator2][39m Server packages are not going to be (re)installed
[35m[ADB][39m Adding packages ["io.appium.settings","io.appium.uiautomator2.server","io.appium.uiautomator2.server.test"] to Doze whitelist
[35m[UiAutomator2][39m Starting UIAutomator2 server 4.24.0
[35m[UiAutomator2][39m Using UIAutomator2 server from 'C:\Users\DELL\AppData\Roaming\npm\node_modules\appium\node_modules\appium-uiautomator2-server\apks\appium-uiautomator2-server-v4.24.0.apk' and test from 'C:\Users\DELL\AppData\Roaming\npm\node_modules\appium\node_modules\appium-uiautomator2-server\apks\appium-uiautomator2-server-debug-androidTest.apk'
[35m[UiAutomator2][39m Waiting up to 30000ms for UiAutomator2 to be online...
[35m[WD Proxy][39m socket hang up
[35m[WD Proxy][39m socket hang up
[35m[WD Proxy][39m socket hang up
[35m[WD Proxy][39m socket hang up
[35m[WD Proxy][39m Determined the downstream protocol as 'W3C'
[35m[AndroidDriver][39m Screen already unlocked, doing nothing
[35m[UiAutomator2][39m Starting 'com.android.settings/.Settings and waiting for 'com.android.settings/.Settings'
[35m[Appium][39m New AndroidUiautomator2Driver session created successfully, session 1a97a4a3-f7f7-44b4-89eb-589eee886d54 added to master session list
[35m[HTTP][39m [37m<-- POST /wd/hub/session [39m[32m200[39m [90m12643 ms - 1123[39m
[35m[HTTP][39m [90m[39m
[35m[HTTP][39m [37m-->[39m [37mGET[39m [37m/wd/hub/status[39m
[35m[HTTP][39m [90m{}[39m
[35m[HTTP][39m [37m<-- GET /wd/hub/status [39m[32m200[39m [90m1 ms - 68[39m
[35m[HTTP][39m [90m[39m
[35m[HTTP][39m [37m-->[39m [37mPOST[39m [37m/wd/hub/session/1a97a4a3-f7f7-44b4-89eb-589eee886d54/timeouts[39m
[35m[HTTP][39m [90m{"implicit":60000}[39m
[35m[HTTP][39m [37m<-- POST /wd/hub/session/1a97a4a3-f7f7-44b4-89eb-589eee886d54/timeouts [39m[32m200[39m [90m3 ms - 14[39m
[35m[HTTP][39m [90m[39m
[35m[HTTP][39m [37m-->[39m [37mPOST[39m [37m/wd/hub/session/1a97a4a3-f7f7-44b4-89eb-589eee886d54/execute/sync[39m
[35m[HTTP][39m [90m{"script":"mobile: getSystemBars","args":[]}[39m
[35m[AndroidDriver][39m Executing native command 'mobile: getSystemBars'
[35m[HTTP][39m [37m<-- POST /wd/hub/session/1a97a4a3-f7f7-44b4-89eb-589eee886d54/execute/sync [39m[33m404[39m [90m43 ms - 2885[39m
[35m[HTTP][39m [90m[39m
[35m[HTTP][39m [37m-->[39m [37mGET[39m [37m/wd/hub/session/1a97a4a3-f7f7-44b4-89eb-589eee886d54/appium/device/system_bars[39m
[35m[HTTP][39m [90m{}[39m
[35m[HTTP][39m [37m<-- GET /wd/hub/session/1a97a4a3-f7f7-44b4-89eb-589eee886d54/appium/device/system_bars [39m[32m200[39m [90m200 ms - 145[39m
[35m[HTTP][39m [90m[39m
[35m[HTTP][39m [37m-->[39m [37mPOST[39m [37m/wd/hub/session/1a97a4a3-f7f7-44b4-89eb-589eee886d54/execute/sync[39m
[35m[HTTP][39m [90m{"script":"mobile: activateApp","args":[{"appId":"de.goddchen.android.powerfolder.A","bundleId":"de.goddchen.android.powerfolder.A"}]}[39m
[35m[AndroidDriver][39m Executing native command 'mobile: activateApp'
[35m[HTTP][39m [37m<-- POST /wd/hub/session/1a97a4a3-f7f7-44b4-89eb-589eee886d54/execute/sync [39m[33m404[39m [90m3 ms - 2881[39m
[35m[HTTP][39m [90m[39m
[35m[HTTP][39m [37m-->[39m [37mPOST[39m [37m/wd/hub/session/1a97a4a3-f7f7-44b4-89eb-589eee886d54/appium/device/activate_app[39m
[35m[HTTP][39m [90m{"bundleId":"de.goddchen.android.powerfolder.A"}[39m
[35m[HTTP][39m [37m<-- POST /wd/hub/session/1a97a4a3-f7f7-44b4-89eb-589eee886d54/appium/device/activate_app [39m[32m200[39m [90m2267 ms - 14[39m
[35m[HTTP][39m [90m[39m
[35m[HTTP][39m [37m-->[39m [37mGET[39m [37m/wd/hub/session/1a97a4a3-f7f7-44b4-89eb-589eee886d54/source[39m
[35m[HTTP][39m [90m{}[39m
[35m[W3C (1a97a4a3)][39m Driver proxy active, passing request on via HTTP proxy
[35m[WD Proxy][39m Replacing sessionId 044bb6a8-1174-4fea-a128-701e624915a5 with 1a97a4a3-f7f7-44b4-89eb-589eee886d54
[35m[HTTP][39m [37m<-- GET /wd/hub/session/1a97a4a3-f7f7-44b4-89eb-589eee886d54/source [39m[32m200[39m [90m1530 ms - 36619[39m
[35m[HTTP][39m [90m[39m
[35m[HTTP][39m [37m-->[39m [37mGET[39m [37m/wd/hub/session/1a97a4a3-f7f7-44b4-89eb-589eee886d54/screenshot[39m
[35m[HTTP][39m [90m{}[39m
[35m[HTTP][39m [37m<-- GET /wd/hub/session/1a97a4a3-f7f7-44b4-89eb-589eee886d54/screenshot [39m[32m200[39m [90m1029 ms - 120922[39m
[35m[HTTP][39m [90m[39m
[35m[HTTP][39m [37m-->[39m [37mGET[39m [37m/wd/hub/session/1a97a4a3-f7f7-44b4-89eb-589eee886d54/source[39m
[35m[HTTP][39m [90m{}[39m
[35m[W3C (1a97a4a3)][39m Driver proxy active, passing request on via HTTP proxy
[35m[WD Proxy][39m Replacing sessionId 044bb6a8-1174-4fea-a128-701e624915a5 with 1a97a4a3-f7f7-44b4-89eb-589eee886d54
[35m[HTTP][39m [37m<-- GET /wd/hub/session/1a97a4a3-f7f7-44b4-89eb-589eee886d54/source [39m[32m200[39m [90m448 ms - 36619[39m
[35m[HTTP][39m [90m[39m
[35m[HTTP][39m [37m-->[39m [37mGET[39m [37m/wd/hub/session/1a97a4a3-f7f7-44b4-89eb-589eee886d54/screenshot[39m
[35m[HTTP][39m [90m{}[39m
[35m[HTTP][39m [37m<-- GET /wd/hub/session/1a97a4a3-f7f7-44b4-89eb-589eee886d54/screenshot [39m[32m200[39m [90m879 ms - 120412[39m
[35m[HTTP][39m [90m[39m
[35m[HTTP][39m [37m-->[39m [37mPOST[39m [37m/wd/hub/session/1a97a4a3-f7f7-44b4-89eb-589eee886d54/timeouts[39m
[35m[HTTP][39m [90m{"implicit":1000}[39m
[35m[HTTP][39m [37m<-- POST /wd/hub/session/1a97a4a3-f7f7-44b4-89eb-589eee886d54/timeouts [39m[32m200[39m [90m1 ms - 14[39m
[35m[HTTP][39m [90m[39m
[35m[HTTP][39m [37m-->[39m [37mPOST[39m [37m/wd/hub/session/1a97a4a3-f7f7-44b4-89eb-589eee886d54/elements[39m
[35m[HTTP][39m [90m{"value":"//*[@class = 'android.widget.Image' and (@text = 'Share' or . = 'Share')]","using":"xpath"}[39m
[35m[HTTP][39m [37m<-- POST /wd/hub/session/1a97a4a3-f7f7-44b4-89eb-589eee886d54/elements [39m[32m200[39m [90m675 ms - 779[39m
[35m[HTTP][39m [90m[39m
[35m[HTTP][39m [37m-->[39m [37mGET[39m [37m/wd/hub/session/1a97a4a3-f7f7-44b4-89eb-589eee886d54/element/00000000-0000-1fd5-0000-02a800000006/rect[39m
[35m[HTTP][39m [90m{}[39m
[35m[W3C (1a97a4a3)][39m Driver proxy active, passing request on via HTTP proxy
[35m[WD Proxy][39m Replacing sessionId 044bb6a8-1174-4fea-a128-701e624915a5 with 1a97a4a3-f7f7-44b4-89eb-589eee886d54
[35m[HTTP][39m [37m<-- GET /wd/hub/session/1a97a4a3-f7f7-44b4-89eb-589eee886d54/element/00000000-0000-1fd5-0000-02a800000006/rect [39m[32m200[39m [90m35 ms - 101[39m
[35m[HTTP][39m [90m[39m
[35m[HTTP][39m [37m-->[39m [37mGET[39m [37m/wd/hub/session/1a97a4a3-f7f7-44b4-89eb-589eee886d54/element/00000000-0000-1fd5-0000-02a800000006/rect[39m
[35m[HTTP][39m [90m{}[39m
[35m[W3C (1a97a4a3)][39m Driver proxy active, passing request on via HTTP proxy
[35m[WD Proxy][39m Replacing sessionId 044bb6a8-1174-4fea-a128-701e624915a5 with 1a97a4a3-f7f7-44b4-89eb-589eee886d54
[35m[HTTP][39m [37m<-- GET /wd/hub/session/1a97a4a3-f7f7-44b4-89eb-589eee886d54/element/00000000-0000-1fd5-0000-02a800000006/rect [39m[32m200[39m [90m36 ms - 101[39m
[35m[HTTP][39m [90m[39m
[35m[HTTP][39m [37m-->[39m [37mGET[39m [37m/wd/hub/session/1a97a4a3-f7f7-44b4-89eb-589eee886d54/element/00000000-0000-1fd5-0000-02b800000006/rect[39m
[35m[HTTP][39m [90m{}[39m
[35m[W3C (1a97a4a3)][39m Driver proxy active, passing request on via HTTP proxy
[35m[WD Proxy][39m Replacing sessionId 044bb6a8-1174-4fea-a128-701e624915a5 with 1a97a4a3-f7f7-44b4-89eb-589eee886d54
[35m[HTTP][39m [37m<-- GET /wd/hub/session/1a97a4a3-f7f7-44b4-89eb-589eee886d54/element/00000000-0000-1fd5-0000-02b800000006/rect [39m[32m200[39m [90m31 ms - 101[39m
[35m[HTTP][39m [90m[39m
[35m[HTTP][39m [37m-->[39m [37mGET[39m [37m/wd/hub/session/1a97a4a3-f7f7-44b4-89eb-589eee886d54/element/00000000-0000-1fd5-0000-02b800000006/rect[39m
[35m[HTTP][39m [90m{}[39m
[35m[W3C (1a97a4a3)][39m Driver proxy active, passing request on via HTTP proxy
[35m[WD Proxy][39m Replacing sessionId 044bb6a8-1174-4fea-a128-701e624915a5 with 1a97a4a3-f7f7-44b4-89eb-589eee886d54
[35m[HTTP][39m [37m<-- GET /wd/hub/session/1a97a4a3-f7f7-44b4-89eb-589eee886d54/element/00000000-0000-1fd5-0000-02b800000006/rect [39m[32m200[39m [90m36 ms - 101[39m
[35m[HTTP][39m [90m[39m
[35m[HTTP][39m [37m-->[39m [37mGET[39m [37m/wd/hub/session/1a97a4a3-f7f7-44b4-89eb-589eee886d54/element/00000000-0000-1fd5-0000-02c800000006/rect[39m
[35m[HTTP][39m [90m{}[39m
[35m[W3C (1a97a4a3)][39m Driver proxy active, passing request on via HTTP proxy
[35m[WD Proxy][39m Replacing sessionId 044bb6a8-1174-4fea-a128-701e624915a5 with 1a97a4a3-f7f7-44b4-89eb-589eee886d54
[35m[HTTP][39m [37m<-- GET /wd/hub/session/1a97a4a3-f7f7-44b4-89eb-589eee886d54/element/00000000-0000-1fd5-0000-02c800000006/rect [39m[32m200[39m [90m33 ms - 101[39m
[35m[HTTP][39m [90m[39m
[35m[HTTP][39m [37m-->[39m [37mGET[39m [37m/wd/hub/session/1a97a4a3-f7f7-44b4-89eb-589eee886d54/element/00000000-0000-1fd5-0000-02c800000006/rect[39m
[35m[HTTP][39m [90m{}[39m
[35m[W3C (1a97a4a3)][39m Driver proxy active, passing request on via HTTP proxy
[35m[WD Proxy][39m Replacing sessionId 044bb6a8-1174-4fea-a128-701e624915a5 with 1a97a4a3-f7f7-44b4-89eb-589eee886d54
[35m[HTTP][39m [37m<-- GET /wd/hub/session/1a97a4a3-f7f7-44b4-89eb-589eee886d54/element/00000000-0000-1fd5-0000-02c800000006/rect [39m[32m200[39m [90m33 ms - 101[39m
[35m[HTTP][39m [90m[39m
[35m[HTTP][39m [37m-->[39m [37mGET[39m [37m/wd/hub/session/1a97a4a3-f7f7-44b4-89eb-589eee886d54/element/00000000-0000-1fd5-0000-02d800000006/rect[39m
[35m[HTTP][39m [90m{}[39m
[35m[W3C (1a97a4a3)][39m Driver proxy active, passing request on via HTTP proxy
[35m[WD Proxy][39m Replacing sessionId 044bb6a8-1174-4fea-a128-701e624915a5 with 1a97a4a3-f7f7-44b4-89eb-589eee886d54
[35m[HTTP][39m [37m<-- GET /wd/hub/session/1a97a4a3-f7f7-44b4-89eb-589eee886d54/element/00000000-0000-1fd5-0000-02d800000006/rect [39m[32m200[39m [90m47 ms - 101[39m
[35m[HTTP][39m [90m[39m
[35m[HTTP][39m [37m-->[39m [37mGET[39m [37m/wd/hub/session/1a97a4a3-f7f7-44b4-89eb-589eee886d54/element/00000000-0000-1fd5-0000-02d800000006/rect[39m
[35m[HTTP][39m [90m{}[39m
[35m[W3C (1a97a4a3)][39m Driver proxy active, passing request on via HTTP proxy
[35m[WD Proxy][39m Replacing sessionId 044bb6a8-1174-4fea-a128-701e624915a5 with 1a97a4a3-f7f7-44b4-89eb-589eee886d54
[35m[HTTP][39m [37m<-- GET /wd/hub/session/1a97a4a3-f7f7-44b4-89eb-589eee886d54/element/00000000-0000-1fd5-0000-02d800000006/rect [39m[32m200[39m [90m32 ms - 101[39m
[35m[HTTP][39m [90m[39m
[35m[HTTP][39m [37m-->[39m [37mGET[39m [37m/wd/hub/session/1a97a4a3-f7f7-44b4-89eb-589eee886d54/element/00000000-0000-1fd5-0000-02e900000006/rect[39m
[35m[HTTP][39m [90m{}[39m
[35m[W3C (1a97a4a3)][39m Driver proxy active, passing request on via HTTP proxy
[35m[WD Proxy][39m Replacing sessionId 044bb6a8-1174-4fea-a128-701e624915a5 with 1a97a4a3-f7f7-44b4-89eb-589eee886d54
[35m[HTTP][39m [37m<-- GET /wd/hub/session/1a97a4a3-f7f7-44b4-89eb-589eee886d54/element/00000000-0000-1fd5-0000-02e900000006/rect [39m[32m200[39m [90m30 ms - 101[39m
[35m[HTTP][39m [90m[39m
[35m[HTTP][39m [37m-->[39m [37mGET[39m [37m/wd/hub/session/1a97a4a3-f7f7-44b4-89eb-589eee886d54/element/00000000-0000-1fd5-0000-02e900000006/rect[39m
[35m[HTTP][39m [90m{}[39m
[35m[W3C (1a97a4a3)][39m Driver proxy active, passing request on via HTTP proxy
[35m[WD Proxy][39m Replacing sessionId 044bb6a8-1174-4fea-a128-701e624915a5 with 1a97a4a3-f7f7-44b4-89eb-589eee886d54
[35m[HTTP][39m [37m<-- GET /wd/hub/session/1a97a4a3-f7f7-44b4-89eb-589eee886d54/element/00000000-0000-1fd5-0000-02e900000006/rect [39m[32m200[39m [90m33 ms - 101[39m
[35m[HTTP][39m [90m[39m
[35m[HTTP][39m [37m-->[39m [37mGET[39m [37m/wd/hub/session/1a97a4a3-f7f7-44b4-89eb-589eee886d54/element/00000000-0000-1fd5-0000-02fe00000006/rect[39m
[35m[HTTP][39m [90m{}[39m
[35m[W3C (1a97a4a3)][39m Driver proxy active, passing request on via HTTP proxy
[35m[WD Proxy][39m Replacing sessionId 044bb6a8-1174-4fea-a128-701e624915a5 with 1a97a4a3-f7f7-44b4-89eb-589eee886d54
[35m[HTTP][39m [37m<-- GET /wd/hub/session/1a97a4a3-f7f7-44b4-89eb-589eee886d54/element/00000000-0000-1fd5-0000-02fe00000006/rect [39m[32m200[39m [90m28 ms - 101[39m
[35m[HTTP][39m [90m[39m
[35m[HTTP][39m [37m-->[39m [37mGET[39m [37m/wd/hub/session/1a97a4a3-f7f7-44b4-89eb-589eee886d54/element/00000000-0000-1fd5-0000-02fe00000006/rect[39m
[35m[HTTP][39m [90m{}[39m
[35m[W3C (1a97a4a3)][39m Driver proxy active, passing request on via HTTP proxy
[35m[WD Proxy][39m Replacing sessionId 044bb6a8-1174-4fea-a128-701e624915a5 with 1a97a4a3-f7f7-44b4-89eb-589eee886d54
[35m[HTTP][39m [37m<-- GET /wd/hub/session/1a97a4a3-f7f7-44b4-89eb-589eee886d54/element/00000000-0000-1fd5-0000-02fe00000006/rect [39m[32m200[39m [90m28 ms - 101[39m
[35m[HTTP][39m [90m[39m
[35m[HTTP][39m [37m-->[39m [37mPOST[39m [37m/wd/hub/session/1a97a4a3-f7f7-44b4-89eb-589eee886d54/timeouts[39m
[35m[HTTP][39m [90m{"implicit":1000}[39m
[35m[HTTP][39m [37m<-- POST /wd/hub/session/1a97a4a3-f7f7-44b4-89eb-589eee886d54/timeouts [39m[32m200[39m [90m1 ms - 14[39m
[35m[HTTP][39m [90m[39m
[35m[HTTP][39m [37m-->[39m [37mPOST[39m [37m/wd/hub/session/1a97a4a3-f7f7-44b4-89eb-589eee886d54/elements[39m
[35m[HTTP][39m [90m{"value":"//*[@class = 'android.widget.TextView' and (@text = 'Share link' or . = 'Share link') and @resource-id = 'share_apps']","using":"xpath"}[39m
[35m[HTTP][39m [37m<-- POST /wd/hub/session/1a97a4a3-f7f7-44b4-89eb-589eee886d54/elements [39m[32m200[39m [90m474 ms - 139[39m
[35m[HTTP][39m [90m[39m
[35m[HTTP][39m [37m-->[39m [37mGET[39m [37m/wd/hub/session/1a97a4a3-f7f7-44b4-89eb-589eee886d54/element/00000000-0000-1fd5-0000-033700000006/rect[39m
[35m[HTTP][39m [90m{}[39m
[35m[W3C (1a97a4a3)][39m Driver proxy active, passing request on via HTTP proxy
[35m[WD Proxy][39m Replacing sessionId 044bb6a8-1174-4fea-a128-701e624915a5 with 1a97a4a3-f7f7-44b4-89eb-589eee886d54
[35m[HTTP][39m [37m<-- GET /wd/hub/session/1a97a4a3-f7f7-44b4-89eb-589eee886d54/element/00000000-0000-1fd5-0000-033700000006/rect [39m[32m200[39m [90m31 ms - 104[39m
[35m[HTTP][39m [90m[39m
[35m[HTTP][39m [37m-->[39m [37mGET[39m [37m/wd/hub/session/1a97a4a3-f7f7-44b4-89eb-589eee886d54/element/00000000-0000-1fd5-0000-033700000006/rect[39m
[35m[HTTP][39m [90m{}[39m
[35m[W3C (1a97a4a3)][39m Driver proxy active, passing request on via HTTP proxy
[35m[WD Proxy][39m Replacing sessionId 044bb6a8-1174-4fea-a128-701e624915a5 with 1a97a4a3-f7f7-44b4-89eb-589eee886d54
[35m[HTTP][39m [37m<-- GET /wd/hub/session/1a97a4a3-f7f7-44b4-89eb-589eee886d54/element/00000000-0000-1fd5-0000-033700000006/rect [39m[32m200[39m [90m34 ms - 104[39m
[35m[HTTP][39m [90m[39m
[35m[HTTP][39m [37m-->[39m [37mDELETE[39m [37m/wd/hub/session/1a97a4a3-f7f7-44b4-89eb-589eee886d54[39m
[35m[HTTP][39m [90m{}[39m
[35m[Appium][39m Removing session 1a97a4a3-f7f7-44b4-89eb-589eee886d54 from our master session list
[35m[UiAutomator2][39m Did not get confirmation UiAutomator2 deleteSession worked; Error was: UnknownError: An unknown server-side error occurred while processing the command. Original error: 'DELETE /' cannot be proxied to UiAutomator2 server because the instrumentation process is not running (probably crashed). Check the server log and/or the logcat output for more details
[35m[UiAutomator2][39m Restoring hidden api policy to the device default configuration
[35m[HTTP][39m [37m<-- DELETE /wd/hub/session/1a97a4a3-f7f7-44b4-89eb-589eee886d54 [39m[32m200[39m [90m452 ms - 14[39m
[35m[HTTP][39m [90m[39m
